{"logTime": "0719/200642", "correlationVector":"zLj0kKTgnhyFAmxvYITbgm.0","action":"FeedSettingFetch_homeCloud", "result":"0", "context":{}}
{"logTime": "0719/200642", "correlationVector":"wEZJrzGQLB1sEWQzP66pS0.1","action":"SyncServerConnectionManagerRequest", "result":"SYNC_SERVER_OK", "context":{"environment":"48F630A6-CB1B-4CC7-86AF-0F6627234B58", "server":"AM3PEPF00003878"}}
{"logTime": "0719/200642", "correlationVector":"wEZJrzGQLB1sEWQzP66pS0.2","action":"AAD.Mip.Unpack", "result":"Success", "context":MIP_CLOUD_COMMERCIAL:Success}
{"logTime": "0719/200642", "correlationVector":"wEZJrzGQLB1sEWQzP66pS0.3","action":"AAD.GetKeyResponse", "result":"Success", "context":Keys=6.LastKeyStatus=Normal. 2022-06-24 22:25:37 +02.State=None}
{"logTime": "0719/200643", "correlationVector":"wEZJrzGQLB1sEWQzP66pS0","action":"Initial GetUpdates", "result":""}
{"logTime": "0719/200643", "correlationVector":"wEZJrzGQLB1sEWQzP66pS0.4","action":"GetUpdates Response", "result":"SYNCER_OK"}
{"logTime": "0719/205339", "correlationVector":"rRGNTRyfUe6RlGDRU8KFCL.0","action":"FeedSettingFetch_homeCloud", "result":"0", "context":{}}
{"logTime": "0719/205339", "correlationVector":"NxurN/6zFvmM/jJhqTvfWx.1","action":"SyncServerConnectionManagerRequest", "result":"SYNC_SERVER_OK", "context":{"environment":"48F630A6-CB1B-4CC7-86AF-0F6627234B58", "server":"DB5PEPF000043DF"}}
{"logTime": "0719/205339", "correlationVector":"NxurN/6zFvmM/jJhqTvfWx.2","action":"AAD.Mip.Unpack", "result":"Success", "context":MIP_CLOUD_COMMERCIAL:Success}
{"logTime": "0719/205339", "correlationVector":"NxurN/6zFvmM/jJhqTvfWx.3","action":"AAD.GetKeyResponse", "result":"Success", "context":Keys=6.LastKeyStatus=Normal. 2022-06-24 22:25:37 +02.State=None}
{"logTime": "0719/205339", "correlationVector":"NxurN/6zFvmM/jJhqTvfWx","action":"Initial GetUpdates", "result":""}
{"logTime": "0719/205339", "correlationVector":"NxurN/6zFvmM/jJhqTvfWx.4","action":"GetUpdates Response", "result":"SYNCER_OK"}
{"logTime": "0719/205339", "correlationVector":"A1z0zvArD1QFUv2VIaPUKT","action":"Initial GetUpdates", "result":""}
{"logTime": "0719/205339", "correlationVector":"A1z0zvArD1QFUv2VIaPUKT.1","action":"SyncServerConnectionManagerRequest", "result":"SYNC_SERVER_OK", "context":{"environment":"48F630A6-CB1B-4CC7-86AF-0F6627234B58", "server":"DB5PEPF000043DF"}}
{"logTime": "0719/205339", "correlationVector":"A1z0zvArD1QFUv2VIaPUKT.2","action":"GetUpdates Response", "result":"SYNCER_OK"}
{"logTime": "0719/205339", "correlationVector":"YMeTrkP4dI5gdWuqPXyutd","action":"Initial GetUpdates", "result":""}
{"logTime": "0719/205339", "correlationVector":"YMeTrkP4dI5gdWuqPXyutd.1","action":"SyncServerConnectionManagerRequest", "result":"SYNC_SERVER_OK", "context":{"environment":"48F630A6-CB1B-4CC7-86AF-0F6627234B58", "server":"DB5PEPF000043DF"}}
{"logTime": "0719/205339", "correlationVector":"YMeTrkP4dI5gdWuqPXyutd.2","action":"GetUpdates Response", "result":"SYNCER_OK"}
{"logTime": "0719/205340", "correlationVector":"asWRYZBWYoR0To6sDXwKq6","action":"Normal GetUpdate request", "result":""}
{"logTime": "0719/205340", "correlationVector":"asWRYZBWYoR0To6sDXwKq6.1","action":"SyncServerConnectionManagerRequest", "result":"SYNC_SERVER_OK", "context":{"environment":"48F630A6-CB1B-4CC7-86AF-0F6627234B58", "server":"DB5PEPF000043DF"}}
{"logTime": "0719/205340", "correlationVector":"asWRYZBWYoR0To6sDXwKq6.2","action":"GetUpdates Response", "result":"SYNCER_OK"}
{"logTime": "0719/205340", "correlationVector":"K+c8I0nGZGwocASR+Oo2Hv","action":"Commit Request", "result":""}
{"logTime": "0719/205340", "correlationVector":"K+c8I0nGZGwocASR+Oo2Hv.1","action":"SyncServerConnectionManagerRequest", "result":"SYNC_SERVER_OK", "context":{"environment":"48F630A6-CB1B-4CC7-86AF-0F6627234B58", "server":"DB5PEPF000043DF"}}
{"logTime": "0719/205340", "correlationVector":"K+c8I0nGZGwocASR+Oo2Hv.2","action":"Commit Response", "result":"SYNCER_OK"}
{"logTime": "0719/205340", "correlationVector":"Mzl8o12E/FSCZioLYy+rdh","action":"Commit Request", "result":""}
{"logTime": "0719/205340", "correlationVector":"Mzl8o12E/FSCZioLYy+rdh.1","action":"SyncServerConnectionManagerRequest", "result":"SYNC_SERVER_OK", "context":{"environment":"48F630A6-CB1B-4CC7-86AF-0F6627234B58", "server":"DB5PEPF000043DF"}}
{"logTime": "0719/205340", "correlationVector":"Mzl8o12E/FSCZioLYy+rdh.2","action":"Commit Response", "result":"SYNCER_OK"}
{"logTime": "0719/210128", "correlationVector":"UtUZ0P67JHtd2BFEn/TFsG.0","action":"FeedSettingFetch_homeCloud", "result":"0", "context":{}}
{"logTime": "0719/210128", "correlationVector":"uWJNp2z/yNwDe3/laJLdwf.1","action":"SyncServerConnectionManagerRequest", "result":"SYNC_SERVER_OK", "context":{"environment":"48F630A6-CB1B-4CC7-86AF-0F6627234B58", "server":"AM3PEPF00001EF8"}}
{"logTime": "0719/210129", "correlationVector":"uWJNp2z/yNwDe3/laJLdwf.2","action":"AAD.Mip.Unpack", "result":"Success", "context":MIP_CLOUD_COMMERCIAL:Success}
{"logTime": "0719/210129", "correlationVector":"uWJNp2z/yNwDe3/laJLdwf.3","action":"AAD.GetKeyResponse", "result":"Success", "context":Keys=6.LastKeyStatus=Normal. 2022-06-24 22:25:37 +02.State=None}
{"logTime": "0719/210129", "correlationVector":"uWJNp2z/yNwDe3/laJLdwf","action":"Initial GetUpdates", "result":""}
{"logTime": "0719/210129", "correlationVector":"uWJNp2z/yNwDe3/laJLdwf.4","action":"GetUpdates Response", "result":"SYNCER_OK"}
{"logTime": "0719/210129", "correlationVector":"ljtCnMpcrXbKXlWef2kjKl","action":"Normal GetUpdate request", "result":""}
{"logTime": "0719/210129", "correlationVector":"ljtCnMpcrXbKXlWef2kjKl.1","action":"SyncServerConnectionManagerRequest", "result":"SYNC_SERVER_OK", "context":{"environment":"48F630A6-CB1B-4CC7-86AF-0F6627234B58", "server":"AM3PEPF00001EF8"}}
{"logTime": "0719/210129", "correlationVector":"ljtCnMpcrXbKXlWef2kjKl.2","action":"GetUpdates Response", "result":"SYNCER_OK"}
{"logTime": "0719/220003", "correlationVector":"PMwsZPP2OcGth/xWWz1eLq.0","action":"FeedSettingFetch_homeCloud", "result":"0", "context":{}}
{"logTime": "0719/220003", "correlationVector":"MIcK77LqzIkPMW6Yiwjcxo.1","action":"SyncServerConnectionManagerRequest", "result":"SYNC_SERVER_OK", "context":{"environment":"48F630A6-CB1B-4CC7-86AF-0F6627234B58", "server":"AM3PEPF00001F00"}}
{"logTime": "0719/220003", "correlationVector":"MIcK77LqzIkPMW6Yiwjcxo.2","action":"AAD.Mip.Unpack", "result":"Success", "context":MIP_CLOUD_COMMERCIAL:Success}
{"logTime": "0719/220003", "correlationVector":"MIcK77LqzIkPMW6Yiwjcxo.3","action":"AAD.GetKeyResponse", "result":"Success", "context":Keys=6.LastKeyStatus=Normal. 2022-06-24 22:25:37 +02.State=None}
{"logTime": "0719/220003", "correlationVector":"MIcK77LqzIkPMW6Yiwjcxo","action":"Initial GetUpdates", "result":""}
{"logTime": "0719/220003", "correlationVector":"MIcK77LqzIkPMW6Yiwjcxo.4","action":"GetUpdates Response", "result":"SYNCER_OK"}
{"logTime": "0719/220003", "correlationVector":"OfWDGi1VH8I6JWLlbPngit","action":"Normal GetUpdate request", "result":""}
{"logTime": "0719/220003", "correlationVector":"OfWDGi1VH8I6JWLlbPngit.1","action":"SyncServerConnectionManagerRequest", "result":"SYNC_SERVER_OK", "context":{"environment":"48F630A6-CB1B-4CC7-86AF-0F6627234B58", "server":"AM3PEPF00001F00"}}
{"logTime": "0719/220003", "correlationVector":"OfWDGi1VH8I6JWLlbPngit.2","action":"GetUpdates Response", "result":"SYNCER_OK"}
{"logTime": "0720/090022", "correlationVector":"ZgwtaYnWBG/G6G3KxaSfdM.0","action":"FeedSettingFetch_homeCloud", "result":"0", "context":{}}
{"logTime": "0720/090022", "correlationVector":"Ql2AoQvgkKDDSFKn9D6l+V.1","action":"SyncServerConnectionManagerRequest", "result":"SYNC_SERVER_OK", "context":{"environment":"48F630A6-CB1B-4CC7-86AF-0F6627234B58", "server":"DB5PEPF0000BD08"}}
{"logTime": "0720/090022", "correlationVector":"Ql2AoQvgkKDDSFKn9D6l+V.2","action":"AAD.Mip.Unpack", "result":"Success", "context":MIP_CLOUD_COMMERCIAL:Success}
{"logTime": "0720/090022", "correlationVector":"Ql2AoQvgkKDDSFKn9D6l+V.3","action":"AAD.GetKeyResponse", "result":"Success", "context":Keys=6.LastKeyStatus=Normal. 2022-06-24 22:25:37 +02.State=None}
{"logTime": "0720/090022", "correlationVector":"Ql2AoQvgkKDDSFKn9D6l+V","action":"Initial GetUpdates", "result":""}
{"logTime": "0720/090022", "correlationVector":"Ql2AoQvgkKDDSFKn9D6l+V.4","action":"GetUpdates Response", "result":"SYNCER_OK"}
{"logTime": "0720/090022", "correlationVector":"QddV0F+etuux9MoTyXJebC","action":"Initial GetUpdates", "result":""}
{"logTime": "0720/090022", "correlationVector":"QddV0F+etuux9MoTyXJebC.1","action":"SyncServerConnectionManagerRequest", "result":"SYNC_SERVER_OK", "context":{"environment":"48F630A6-CB1B-4CC7-86AF-0F6627234B58", "server":"DB5PEPF0000BD08"}}
{"logTime": "0720/090022", "correlationVector":"QddV0F+etuux9MoTyXJebC.2","action":"GetUpdates Response", "result":"SYNCER_OK"}
{"logTime": "0720/090022", "correlationVector":"5+cZig/UGEMFirrXUfgEvq","action":"Initial GetUpdates", "result":""}
{"logTime": "0720/090022", "correlationVector":"5+cZig/UGEMFirrXUfgEvq.1","action":"SyncServerConnectionManagerRequest", "result":"SYNC_SERVER_OK", "context":{"environment":"48F630A6-CB1B-4CC7-86AF-0F6627234B58", "server":"DB5PEPF0000BD08"}}
{"logTime": "0720/090022", "correlationVector":"5+cZig/UGEMFirrXUfgEvq.2","action":"GetUpdates Response", "result":"SYNCER_OK"}
{"logTime": "0720/090022", "correlationVector":"VL3+MVVilZ3lRp5eeyRIXh","action":"Normal GetUpdate request", "result":""}
{"logTime": "0720/090022", "correlationVector":"VL3+MVVilZ3lRp5eeyRIXh.1","action":"SyncServerConnectionManagerRequest", "result":"SYNC_SERVER_OK", "context":{"environment":"48F630A6-CB1B-4CC7-86AF-0F6627234B58", "server":"DB5PEPF0000BD08"}}
{"logTime": "0720/090022", "correlationVector":"VL3+MVVilZ3lRp5eeyRIXh.2","action":"GetUpdates Response", "result":"SYNCER_OK"}
{"logTime": "0720/090022", "correlationVector":"Ls9cZskFpHvyvP3nLdTnxJ","action":"Commit Request", "result":""}
{"logTime": "0720/090022", "correlationVector":"Ls9cZskFpHvyvP3nLdTnxJ.1","action":"SyncServerConnectionManagerRequest", "result":"SYNC_SERVER_OK", "context":{"environment":"48F630A6-CB1B-4CC7-86AF-0F6627234B58", "server":"DB5PEPF0000BD08"}}
{"logTime": "0720/090022", "correlationVector":"Ls9cZskFpHvyvP3nLdTnxJ.2","action":"Commit Response", "result":"SYNCER_OK"}
{"logTime": "0720/090513", "correlationVector":"vvgPelUnHu6oaKiIPHc7rM.0","action":"FeedSettingFetch_homeCloud", "result":"0", "context":{}}
{"logTime": "0720/090513", "correlationVector":"IepS1J66dIF5dDLQEntaM2.1","action":"SyncServerConnectionManagerRequest", "result":"SYNC_SERVER_OK", "context":{"environment":"48F630A6-CB1B-4CC7-86AF-0F6627234B58", "server":"AM3PEPF00003873"}}
{"logTime": "0720/090513", "correlationVector":"IepS1J66dIF5dDLQEntaM2.2","action":"AAD.Mip.Unpack", "result":"Success", "context":MIP_CLOUD_COMMERCIAL:Success}
{"logTime": "0720/090513", "correlationVector":"IepS1J66dIF5dDLQEntaM2.3","action":"AAD.GetKeyResponse", "result":"Success", "context":Keys=6.LastKeyStatus=Normal. 2022-06-24 22:25:37 +02.State=None}
{"logTime": "0720/090513", "correlationVector":"IepS1J66dIF5dDLQEntaM2","action":"Initial GetUpdates", "result":""}
{"logTime": "0720/090513", "correlationVector":"IepS1J66dIF5dDLQEntaM2.4","action":"GetUpdates Response", "result":"SYNCER_OK"}
{"logTime": "0720/090513", "correlationVector":"3NcuZ1IvlBap7J+VFjX3MI","action":"Normal GetUpdate request", "result":""}
{"logTime": "0720/090513", "correlationVector":"3NcuZ1IvlBap7J+VFjX3MI.1","action":"SyncServerConnectionManagerRequest", "result":"SYNC_SERVER_OK", "context":{"environment":"48F630A6-CB1B-4CC7-86AF-0F6627234B58", "server":"AM3PEPF00003873"}}
{"logTime": "0720/090513", "correlationVector":"3NcuZ1IvlBap7J+VFjX3MI.2","action":"GetUpdates Response", "result":"SYNCER_OK"}
{"logTime": "0720/092541", "correlationVector":"M+Fyjho1KQgAQg9QV0sYsE.0","action":"FeedSettingFetch_homeCloud", "result":"0", "context":{}}
{"logTime": "0720/092541", "correlationVector":"TvmgONQDh/RXb9AUrr+zvj.1","action":"SyncServerConnectionManagerRequest", "result":"SYNC_SERVER_OK", "context":{"environment":"48F630A6-CB1B-4CC7-86AF-0F6627234B58", "server":"AM3PEPF00001EF7"}}
{"logTime": "0720/092541", "correlationVector":"TvmgONQDh/RXb9AUrr+zvj.2","action":"AAD.Mip.Unpack", "result":"Success", "context":MIP_CLOUD_COMMERCIAL:Success}
{"logTime": "0720/092541", "correlationVector":"TvmgONQDh/RXb9AUrr+zvj.3","action":"AAD.GetKeyResponse", "result":"Success", "context":Keys=6.LastKeyStatus=Normal. 2022-06-24 22:25:37 +02.State=None}
{"logTime": "0720/092541", "correlationVector":"TvmgONQDh/RXb9AUrr+zvj","action":"Initial GetUpdates", "result":""}
{"logTime": "0720/092541", "correlationVector":"TvmgONQDh/RXb9AUrr+zvj.4","action":"GetUpdates Response", "result":"SYNCER_OK"}
{"logTime": "0720/092541", "correlationVector":"7r3dcKR+Sem+SV7HhcBlOl","action":"Normal GetUpdate request", "result":""}
{"logTime": "0720/092541", "correlationVector":"7r3dcKR+Sem+SV7HhcBlOl.1","action":"SyncServerConnectionManagerRequest", "result":"SYNC_SERVER_OK", "context":{"environment":"48F630A6-CB1B-4CC7-86AF-0F6627234B58", "server":"AM3PEPF00001EF7"}}
{"logTime": "0720/092541", "correlationVector":"7r3dcKR+Sem+SV7HhcBlOl.2","action":"GetUpdates Response", "result":"SYNCER_OK"}
{"logTime": "0720/092836", "correlationVector":"Yal4tSomE9PBCfGvaISGsd.0","action":"FeedSettingFetch_homeCloud", "result":"0", "context":{}}
{"logTime": "0720/092837", "correlationVector":"CAfAHX70KgsOj/+HAIzKcR.1","action":"SyncServerConnectionManagerRequest", "result":"SYNC_SERVER_OK", "context":{"environment":"48F630A6-CB1B-4CC7-86AF-0F6627234B58", "server":"AM3PEPF00001F02"}}
{"logTime": "0720/092837", "correlationVector":"CAfAHX70KgsOj/+HAIzKcR.2","action":"AAD.Mip.Unpack", "result":"Success", "context":MIP_CLOUD_COMMERCIAL:Success}
{"logTime": "0720/092837", "correlationVector":"CAfAHX70KgsOj/+HAIzKcR.3","action":"AAD.GetKeyResponse", "result":"Success", "context":Keys=6.LastKeyStatus=Normal. 2022-06-24 22:25:37 +02.State=None}
{"logTime": "0720/092837", "correlationVector":"CAfAHX70KgsOj/+HAIzKcR","action":"Initial GetUpdates", "result":""}
{"logTime": "0720/092837", "correlationVector":"CAfAHX70KgsOj/+HAIzKcR.4","action":"GetUpdates Response", "result":"SYNCER_OK"}
{"logTime": "0720/092837", "correlationVector":"dhp5N+231E5cWbd2h0U9Tn","action":"Normal GetUpdate request", "result":""}
{"logTime": "0720/092837", "correlationVector":"dhp5N+231E5cWbd2h0U9Tn.1","action":"SyncServerConnectionManagerRequest", "result":"SYNC_SERVER_OK", "context":{"environment":"48F630A6-CB1B-4CC7-86AF-0F6627234B58", "server":"AM3PEPF00001F02"}}
{"logTime": "0720/092837", "correlationVector":"dhp5N+231E5cWbd2h0U9Tn.2","action":"GetUpdates Response", "result":"SYNCER_OK"}
